{"level":"info","message":"Server running on port 3001","service":"student-service"}
{"level":"info","message":"Server running on port 3001","service":"student-service"}
{"level":"info","message":"Server running on port 3001","service":"student-service"}
{"level":"info","message":"Server running on port 3001","service":"student-service"}
{"level":"info","message":"Server running on port 3001","service":"student-service"}
{"level":"info","message":"Server running on port 3001","service":"student-service"}
{"level":"info","message":"Server running on port 3001","service":"student-service"}
{"level":"info","message":"Server running on port 3001","service":"student-service"}
{"level":"info","message":"Server running on port 3001","service":"student-service"}
{"level":"info","message":"Server running on port 3001","service":"student-service"}
{"level":"info","message":"Server running on port 3001","service":"student-service"}
{"level":"info","message":"Server running on port 3001","service":"student-service","timestamp":"2023-03-27T23:54:12.608Z"}
{"level":"info","message":"Server running on port 3001","service":"student-service","timestamp":"2023-03-27T23:54:42.938Z"}
{"level":"info","message":"Connected to mongo mongodb://localhost:27017/students","service":"student-service","timestamp":"2023-03-27T23:54:42.984Z"}
{"level":"info","message":"Server running on port 3001","service":"student-service","timestamp":"2023-03-27T23:54:51.511Z"}
{"level":"error","message":"Connected to mongo mongodb://localhost:27017/students","service":"student-service","timestamp":"2023-03-27T23:54:51.579Z"}
{"level":"info","message":"Server running on port 3001","service":"student-service","timestamp":"2023-03-27T23:56:12.446Z"}
{"level":"error","message":"Connected to mongo mongodb://localhost:27017/students","service":"student-service","timestamp":"2023-03-27T23:56:12.487Z"}
{"level":"info","message":"Server running on port 3001","service":"student-service","timestamp":"2023-03-27T23:56:13.219Z"}
{"level":"error","message":"Connected to mongo mongodb://localhost:27017/students","service":"student-service","timestamp":"2023-03-27T23:56:13.258Z"}
{"level":"info","message":"Server running on port 3001","service":"student-service","timestamp":"2023-03-27T23:56:29.889Z"}
{"level":"error","message":"Connected to mongo mongodb://localhost:27017/students","service":"student-service","timestamp":"2023-03-27T23:56:29.927Z"}
{"level":"info","message":"Server running on port 3001","service":"student-service","timestamp":"2023-03-27T23:56:32.747Z"}
{"level":"error","message":"Connected to mongo mongodb://localhost:27017/students","service":"student-service","timestamp":"2023-03-27T23:56:32.787Z"}
{"level":"info","message":"Server running on port 3001","service":"student-service","timestamp":"2023-03-30T22:42:40.070Z"}
{"level":"error","message":"Connected to mongo mongodb://localhost:27017/students","service":"student-service","timestamp":"2023-03-30T22:42:40.106Z"}
{"level":"info","message":"Server running on port 3001","service":"student-service","timestamp":"2023-03-30T22:42:59.556Z"}
{"level":"info","message":"Connected to mongo mongodb://localhost:27017/students","service":"student-service","timestamp":"2023-03-30T22:42:59.595Z"}
{"level":"info","message":"Server running on port 3001","service":"student-service","timestamp":"2023-03-30T22:43:35.446Z"}
{"level":"info","message":"Connected to mongo mongodb://localhost:27017/students","service":"student-service","timestamp":"2023-03-30T22:43:35.484Z"}
{"level":"info","message":"Server running on port 3001","service":"student-service","timestamp":"2023-03-30T22:43:44.971Z"}
{"level":"info","message":"Connected to mongo mongodb://localhost:27017/students","service":"student-service","timestamp":"2023-03-30T22:43:45.009Z"}
{"level":"info","message":"Server running on port 3001","service":"student-service","timestamp":"2023-03-30T22:44:03.018Z"}
{"level":"info","message":"Connected to mongo mongodb://localhost:27017/students","service":"student-service","timestamp":"2023-03-30T22:44:03.055Z"}
{"level":"info","message":"Server running on port 3001","service":"student-service","timestamp":"2023-03-30T22:44:05.843Z"}
{"level":"info","message":"Connected to mongo mongodb://localhost:27017/students","service":"student-service","timestamp":"2023-03-30T22:44:05.878Z"}
{"level":"info","message":"Connected to mongo mongodb://localhost:27017/students","service":"student-service","timestamp":"2023-03-30T22:44:10.291Z"}
{"level":"info","message":"Server running on port 3001","service":"student-service","timestamp":"2023-03-30T22:44:19.661Z"}
{"level":"info","message":"Connected to mongo mongodb://localhost:27017/students","service":"student-service","timestamp":"2023-03-30T22:44:19.705Z"}
{"level":"info","message":"Connected to mongo mongodb://localhost:27017/students","service":"student-service","timestamp":"2023-03-30T22:44:24.420Z"}
{"level":"debug","message":"Server running on port 3001","service":"student-service","timestamp":"2023-03-30T22:44:45.659Z"}
{"level":"info","message":"Connected to mongo mongodb://localhost:27017/students","service":"student-service","timestamp":"2023-03-30T22:44:45.699Z"}
{"level":"debug","message":"Server running on port 3001","service":"student-service","timestamp":"2023-03-30T22:45:00.714Z"}
{"level":"info","message":"Connected to mongo mongodb://localhost:27017/students","service":"student-service","timestamp":"2023-03-30T22:45:00.757Z"}
{"level":"debug","message":"Server running on port 3001","service":"student-service","timestamp":"2023-03-30T22:51:38.726Z"}
{"level":"info","message":"Connected to mongo mongodb://localhost:27017/students","service":"student-service","timestamp":"2023-03-30T22:51:38.764Z"}
{"level":"debug","message":"Server running on port 3001","service":"student-service","timestamp":"2023-03-30T22:55:59.019Z"}
{"level":"info","message":"Connected to mongo mongodb://localhost:27017/students","service":"student-service","timestamp":"2023-03-30T22:55:59.060Z"}
{"level":"debug","message":"Server running on port 3001","service":"student-service","timestamp":"2023-03-30T22:56:17.093Z"}
{"level":"info","message":"Connected to mongo mongodb://localhost:27017/students","service":"student-service","timestamp":"2023-03-30T22:56:17.130Z"}
{"level":"debug","message":"Server running on port 3001","service":"student-service","timestamp":"2023-03-30T22:56:18.497Z"}
{"level":"info","message":"Connected to mongo mongodb://localhost:27017/students","service":"student-service","timestamp":"2023-03-30T22:56:18.535Z"}
{"level":"debug","message":"Server running on port 3001","service":"student-service","timestamp":"2023-03-30T22:56:56.436Z"}
{"level":"info","message":"Connected to mongo mongodb://localhost:27017/students","service":"student-service","timestamp":"2023-03-30T22:56:56.475Z"}
{"level":"debug","message":"Server running on port 3001","service":"student-service","timestamp":"2023-03-30T22:56:57.291Z"}
{"level":"info","message":"Connected to mongo mongodb://localhost:27017/students","service":"student-service","timestamp":"2023-03-30T22:56:57.329Z"}
{"level":"debug","message":"Server running on port 3001","service":"student-service","timestamp":"2023-03-30T22:57:00.341Z"}
{"level":"info","message":"Connected to mongo mongodb://localhost:27017/students","service":"student-service","timestamp":"2023-03-30T22:57:00.387Z"}
{"level":"debug","message":"Server running on port 3001","service":"student-service","timestamp":"2023-03-30T22:57:05.127Z"}
{"level":"info","message":"Connected to mongo mongodb://localhost:27017/students","service":"student-service","timestamp":"2023-03-30T22:57:05.169Z"}
{"level":"debug","message":"Server running on port 3001","service":"student-service","timestamp":"2023-03-30T22:57:16.616Z"}
{"level":"info","message":"Connected to mongo mongodb://localhost:27017/students","service":"student-service","timestamp":"2023-03-30T22:57:16.651Z"}
{"level":"debug","message":"Server running on port 3001","service":"student-service","timestamp":"2023-03-30T22:57:21.752Z"}
{"level":"info","message":"Connected to mongo mongodb://localhost:27017/students","service":"student-service","timestamp":"2023-03-30T22:57:21.791Z"}
{"level":"debug","message":"Server running on port 3001","service":"student-service","timestamp":"2023-03-30T22:57:34.246Z"}
{"level":"info","message":"Connected to mongo mongodb://localhost:27017/students","service":"student-service","timestamp":"2023-03-30T22:57:34.283Z"}
{"level":"debug","message":"Server running on port 3001","service":"student-service","timestamp":"2023-03-30T22:58:16.689Z"}
{"level":"info","message":"Connected to mongo mongodb://localhost:27017/students","service":"student-service","timestamp":"2023-03-30T22:58:16.727Z"}
{"level":"debug","message":"Server running on port 3001","service":"student-service","timestamp":"2023-03-30T22:58:17.869Z"}
{"level":"info","message":"Connected to mongo mongodb://localhost:27017/students","service":"student-service","timestamp":"2023-03-30T22:58:17.905Z"}
{"level":"debug","message":"Server running on port 3001","service":"student-service","timestamp":"2023-03-30T23:00:16.454Z"}
{"level":"info","message":"Connected to mongo mongodb://localhost:27017/students","service":"student-service","timestamp":"2023-03-30T23:00:16.497Z"}
{"level":"debug","message":"Server running on port 3001","service":"student-service","timestamp":"2023-03-30T23:00:46.561Z"}
{"level":"info","message":"Connected to mongo mongodb://localhost:27017/students","service":"student-service","timestamp":"2023-03-30T23:00:46.602Z"}
{"level":"debug","message":"Server running on port 3001","service":"student-service","timestamp":"2023-03-30T23:00:53.504Z"}
{"level":"info","message":"Connected to mongo mongodb://localhost:27017/students","service":"student-service","timestamp":"2023-03-30T23:00:53.542Z"}
{"level":"debug","message":"Server running on port 3001","service":"student-service","timestamp":"2023-03-30T23:01:33.606Z"}
{"level":"info","message":"Connected to mongo mongodb://localhost:27017/students","service":"student-service","timestamp":"2023-03-30T23:01:33.646Z"}
